OXO Game Client Started: 2019-04-02 19:32:08.456015
Connected To Server: localhost
Received Message: new game,X
Received Message: opponents move
Received Message: valid move,O,5
Received Message: your move
Sent Message: 2
Received Message: valid move,X,2
Received Message: opponents move
Received Message: opponents move
Received Message: valid move,O,1
Received Message: your move
Sent Message: 4
Received Message: valid move,X,4
Received Message: opponents move
Received Message: opponents move
Received Message: valid move,O,3
Received Message: your move
Sent Message: 6
Received Message: valid move,X,6
Received Message: game over,X
Received Message: play again
